Report Physical info: 
------------------------+-------------+-----------+------------
                        |             |Area (squm)|Leakage (uW)
------------------------+-------------+-----------+------------
Design Name             |bypass_adder |           |            
  Total Instances       |          201|        267|       5.971
    Macros              |            0|          0|       0.000
    Pads                |            0|          0|       0.000
    Phys                |            0|          0|       0.000
    Blackboxes          |            0|          0|       0.000
    Cells               |          201|        267|       5.971
      Buffers           |            0|          0|       0.000
      Inverters         |            1|          1|       0.014
      Clock-Gates       |            0|          0|       0.000
      Combinational     |          200|        266|       5.956
      Latches           |            0|          0|       0.000
      FlipFlops         |            0|          0|       0.000
       Single-Bit FF    |            0|          0|       0.000
       Multi-Bit FF     |            0|          0|       0.000
       Clock-Gated      |            0|           |            
       Bits             |            0|          0|       0.000
         Load-Enabled   |            0|           |            
         Clock-Gated    |            0|           |            
  Tristate Pin Count    |            0|           |            
Physical Info           |Placed       |           |            
  Chip Size (mm x mm)   |0.083 x 0.083|       6903|            
  Fixed Cell Area       |             |          0|            
    Phys Only           |            0|          0|            
  Placeable Area        |             |        515|            
  Movable Cell Area     |             |        267|            
  Utilization (%)       |           51|           |            
  Chip Utilization (%)  |           51|           |            
  Total Wire Length (mm)|        4.274|           |            
  Longest Wire (mm)     |        0.048|           |            
  Average Wire (mm)     |        0.044|           |            
------------------------+-------------+-----------+------------
