Report Instance Areas: 
-----+--------------------+----------------+-----+---------
     |Instance            |Module          |Cells|Cell Area
-----+--------------------+----------------+-----+---------
1    |top                 |                |  157|      201
2    |  genblk1_0_fa_inst |fullAdder__0_12 |    2|        3
3    |    h1              |halfAdder__0_11 |    2|        3
4    |  genblk1_1_fa_inst |fullAdder__0_20 |    5|        6
5    |    h1              |halfAdder__0_19 |    2|        3
6    |    h2d             |halfAdder__0_16 |    2|        3
7    |  genblk1_2_fa_inst |fullAdder__0_28 |    5|        6
8    |    h1              |halfAdder__0_27 |    2|        3
9    |    h2d             |halfAdder__0_24 |    2|        3
10   |  genblk1_3_fa_inst |fullAdder__0_36 |    5|        6
11   |    h1              |halfAdder__0_35 |    2|        3
12   |    h2d             |halfAdder__0_32 |    2|        3
13   |  genblk1_4_fa_inst |fullAdder__0_44 |    5|        6
14   |    h1              |halfAdder__0_43 |    2|        3
15   |    h2d             |halfAdder__0_40 |    2|        3
16   |  genblk1_5_fa_inst |fullAdder__0_52 |    5|        6
17   |    h1              |halfAdder__0_51 |    2|        3
18   |    h2d             |halfAdder__0_48 |    2|        3
19   |  genblk1_6_fa_inst |fullAdder__0_60 |    5|        6
20   |    h1              |halfAdder__0_59 |    2|        3
21   |    h2d             |halfAdder__0_56 |    2|        3
22   |  genblk1_7_fa_inst |fullAdder__0_68 |    5|        6
23   |    h1              |halfAdder__0_67 |    2|        3
24   |    h2d             |halfAdder__0_64 |    2|        3
25   |  genblk1_8_fa_inst |fullAdder__0_76 |    5|        6
26   |    h1              |halfAdder__0_75 |    2|        3
27   |    h2d             |halfAdder__0_72 |    2|        3
28   |  genblk1_9_fa_inst |fullAdder__0_84 |    5|        6
29   |    h1              |halfAdder__0_83 |    2|        3
30   |    h2d             |halfAdder__0_80 |    2|        3
31   |  genblk1_10_fa_inst|fullAdder__0_92 |    5|        6
32   |    h1              |halfAdder__0_91 |    2|        3
33   |    h2d             |halfAdder__0_88 |    2|        3
34   |  genblk1_11_fa_inst|fullAdder__0_100|    5|        6
35   |    h1              |halfAdder__0_99 |    2|        3
36   |    h2d             |halfAdder__0_96 |    2|        3
37   |  genblk1_12_fa_inst|fullAdder__0_108|    5|        6
38   |    h1              |halfAdder__0_107|    2|        3
39   |    h2d             |halfAdder__0_104|    2|        3
40   |  genblk1_13_fa_inst|fullAdder__0_116|    5|        6
41   |    h1              |halfAdder__0_115|    2|        3
42   |    h2d             |halfAdder__0_112|    2|        3
43   |  genblk1_14_fa_inst|fullAdder__0_124|    5|        6
44   |    h1              |halfAdder__0_123|    2|        3
45   |    h2d             |halfAdder__0_120|    2|        3
46   |  genblk1_15_fa_inst|fullAdder__0_132|    5|        6
47   |    h1              |halfAdder__0_131|    2|        3
48   |    h2d             |halfAdder__0_128|    2|        3
49   |  genblk1_16_fa_inst|fullAdder__0_140|    5|        6
50   |    h1              |halfAdder__0_139|    2|        3
51   |    h2d             |halfAdder__0_136|    2|        3
52   |  genblk1_17_fa_inst|fullAdder__0_148|    5|        6
53   |    h1              |halfAdder__0_147|    2|        3
54   |    h2d             |halfAdder__0_144|    2|        3
55   |  genblk1_18_fa_inst|fullAdder__0_156|    5|        6
56   |    h1              |halfAdder__0_155|    2|        3
57   |    h2d             |halfAdder__0_152|    2|        3
58   |  genblk1_19_fa_inst|fullAdder__0_164|    5|        6
59   |    h1              |halfAdder__0_163|    2|        3
60   |    h2d             |halfAdder__0_160|    2|        3
61   |  genblk1_20_fa_inst|fullAdder__0_172|    5|        6
62   |    h1              |halfAdder__0_171|    2|        3
63   |    h2d             |halfAdder__0_168|    2|        3
64   |  genblk1_21_fa_inst|fullAdder__0_180|    5|        6
65   |    h1              |halfAdder__0_179|    2|        3
66   |    h2d             |halfAdder__0_176|    2|        3
67   |  genblk1_22_fa_inst|fullAdder__0_188|    5|        6
68   |    h1              |halfAdder__0_187|    2|        3
69   |    h2d             |halfAdder__0_184|    2|        3
70   |  genblk1_23_fa_inst|fullAdder__0_196|    5|        6
71   |    h1              |halfAdder__0_195|    2|        3
72   |    h2d             |halfAdder__0_192|    2|        3
73   |  genblk1_24_fa_inst|fullAdder__0_204|    5|        6
74   |    h1              |halfAdder__0_203|    2|        3
75   |    h2d             |halfAdder__0_200|    2|        3
76   |  genblk1_25_fa_inst|fullAdder__0_212|    5|        6
77   |    h1              |halfAdder__0_211|    2|        3
78   |    h2d             |halfAdder__0_208|    2|        3
79   |  genblk1_26_fa_inst|fullAdder__0_220|    5|        6
80   |    h1              |halfAdder__0_219|    2|        3
81   |    h2d             |halfAdder__0_216|    2|        3
82   |  genblk1_27_fa_inst|fullAdder__0_228|    5|        6
83   |    h1              |halfAdder__0_227|    2|        3
84   |    h2d             |halfAdder__0_224|    2|        3
85   |  genblk1_28_fa_inst|fullAdder__0_236|    5|        6
86   |    h1              |halfAdder__0_235|    2|        3
87   |    h2d             |halfAdder__0_232|    2|        3
88   |  genblk1_29_fa_inst|fullAdder__0_244|    5|        6
89   |    h1              |halfAdder__0_243|    2|        3
90   |    h2d             |halfAdder__0_240|    2|        3
91   |  genblk1_30_fa_inst|fullAdder__0_252|    5|        6
92   |    h1              |halfAdder__0_251|    2|        3
93   |    h2d             |halfAdder__0_248|    2|        3
94   |  genblk1_31_fa_inst|fullAdder       |    5|        6
95   |    h1              |halfAdder__0_4  |    2|        3
96   |    h2d             |halfAdder       |    2|        3
-----+--------------------+----------------+-----+---------
