warning: No library characterized for (process = 1.00 voltage = 0.85 temperature = 25.00) can be found in the database for power domain '/PD_TOP'  [NL-174]
Report Power (instances with prefix '*' are included in total) : 
-----+-------------------+--------------------+---------------------+-------------------+-----------------
     | Instance          | Internal Power(uw) | Switching Power(uw) | Leakage Power(uw) | Total Power(uw) 
-----+-------------------+--------------------+---------------------+-------------------+-----------------
1    |*genblk1_0_fa_inst |            0.523034|             0.258123|           0.061230|         0.842386
2    |*genblk1_1_fa_inst |            0.711828|             0.405156|           0.145155|         1.262139
3    |*genblk1_2_fa_inst |            0.719206|             0.413684|           0.145155|         1.278045
4    |*genblk1_3_fa_inst |            0.721669|             0.416662|           0.145155|         1.283486
5    |*genblk1_4_fa_inst |            0.722540|             0.417658|           0.145155|         1.285353
6    |*genblk1_5_fa_inst |            0.722859|             0.418093|           0.145155|         1.286106
7    |*genblk1_6_fa_inst |            0.722978|             0.418229|           0.145155|         1.286361
8    |*genblk1_7_fa_inst |            0.723022|             0.418275|           0.145155|         1.286451
9    |*genblk1_8_fa_inst |            0.723038|             0.418234|           0.145155|         1.286427
10   |*genblk1_9_fa_inst |            0.723045|             0.418370|           0.145155|         1.286569
11   |*genblk1_10_fa_inst|            0.723047|             0.418313|           0.145155|         1.286514
12   |*genblk1_11_fa_inst|            0.723049|             0.418481|           0.145155|         1.286684
13   |*genblk1_12_fa_inst|            0.723049|             0.418481|           0.145155|         1.286685
14   |*genblk1_13_fa_inst|            0.723049|             0.418550|           0.145155|         1.286754
15   |*genblk1_14_fa_inst|            0.723050|             0.418550|           0.145155|         1.286754
16   |*genblk1_15_fa_inst|            0.723049|             0.418546|           0.145155|         1.286749
17   |*genblk1_16_fa_inst|            0.723049|             0.418486|           0.145155|         1.286689
18   |*genblk1_17_fa_inst|            0.723050|             0.418614|           0.145155|         1.286818
19   |*genblk1_18_fa_inst|            0.723050|             0.418554|           0.145155|         1.286758
20   |*genblk1_19_fa_inst|            0.723050|             0.418721|           0.145155|         1.286926
21   |*genblk1_20_fa_inst|            0.723050|             0.418721|           0.145155|         1.286926
22   |*genblk1_21_fa_inst|            0.723050|             0.418790|           0.145155|         1.286995
23   |*genblk1_22_fa_inst|            0.723050|             0.418790|           0.145155|         1.286995
24   |*genblk1_23_fa_inst|            0.723050|             0.418786|           0.145155|         1.286991
25   |*genblk1_24_fa_inst|            0.723050|             0.418726|           0.145155|         1.286930
26   |*genblk1_25_fa_inst|            0.723051|             0.418854|           0.145155|         1.287059
27   |*genblk1_26_fa_inst|            0.723050|             0.418794|           0.145155|         1.286999
28   |*genblk1_27_fa_inst|            0.723051|             0.418961|           0.145155|         1.287167
29   |*genblk1_28_fa_inst|            0.723051|             0.418961|           0.145155|         1.287167
30   |*genblk1_29_fa_inst|            0.723051|             0.419030|           0.145155|         1.287236
31   |*genblk1_30_fa_inst|            0.723051|             0.419030|           0.145155|         1.287236
32   |*genblk1_31_fa_inst|            0.725768|             0.508381|           0.145155|         1.379303
33   |                   |                    |                     |                   |                 
34   |*TOTAL             |           22.923038|            13.303602|           4.561019|        40.787659
-----+-------------------+--------------------+---------------------+-------------------+-----------------
