Report Instance Areas: 
-----+---------------+-----------------+-----+---------
     |Instance       |Module           |Cells|Cell Area
-----+---------------+-----------------+-----+---------
1    |top            |                 |  201|      267
2    |  ha           |half_adder       |    2|        3
3    |  genblk1_0_fa |full_adder__0_32 |    5|        6
4    |    h1         |half_adder__0_31 |    2|        3
5    |    h2         |half_adder__0_28 |    2|        3
6    |  genblk1_1_fa |full_adder__0_40 |    5|        6
7    |    h1         |half_adder__0_39 |    2|        3
8    |    h2         |half_adder__0_36 |    2|        3
9    |  genblk1_2_fa |full_adder__0_48 |    5|        6
10   |    h1         |half_adder__0_47 |    2|        3
11   |    h2         |half_adder__0_44 |    2|        3
12   |  genblk1_3_fa |full_adder__0_56 |    5|        6
13   |    h1         |half_adder__0_55 |    2|        3
14   |    h2         |half_adder__0_52 |    2|        3
15   |  genblk1_4_fa |full_adder__0_64 |    5|        6
16   |    h1         |half_adder__0_63 |    2|        3
17   |    h2         |half_adder__0_60 |    2|        3
18   |  genblk1_5_fa |full_adder__0_72 |    5|        6
19   |    h1         |half_adder__0_71 |    2|        3
20   |    h2         |half_adder__0_68 |    2|        3
21   |  genblk1_6_fa |full_adder__0_80 |    5|        6
22   |    h1         |half_adder__0_79 |    2|        3
23   |    h2         |half_adder__0_76 |    2|        3
24   |  genblk1_7_fa |full_adder__0_88 |    5|        6
25   |    h1         |half_adder__0_87 |    2|        3
26   |    h2         |half_adder__0_84 |    2|        3
27   |  genblk1_8_fa |full_adder__0_96 |    5|        6
28   |    h1         |half_adder__0_95 |    2|        3
29   |    h2         |half_adder__0_92 |    2|        3
30   |  genblk1_9_fa |full_adder__0_104|    5|        6
31   |    h1         |half_adder__0_103|    2|        3
32   |    h2         |half_adder__0_100|    2|        3
33   |  genblk1_10_fa|full_adder__0_112|    5|        6
34   |    h1         |half_adder__0_111|    2|        3
35   |    h2         |half_adder__0_108|    2|        3
36   |  genblk1_11_fa|full_adder__0_120|    5|        6
37   |    h1         |half_adder__0_119|    2|        3
38   |    h2         |half_adder__0_116|    2|        3
39   |  genblk1_12_fa|full_adder__0_128|    5|        6
40   |    h1         |half_adder__0_127|    2|        3
41   |    h2         |half_adder__0_124|    2|        3
42   |  genblk1_13_fa|full_adder__0_136|    5|        6
43   |    h1         |half_adder__0_135|    2|        3
44   |    h2         |half_adder__0_132|    2|        3
45   |  genblk1_14_fa|full_adder__0_144|    5|        6
46   |    h1         |half_adder__0_143|    2|        3
47   |    h2         |half_adder__0_140|    2|        3
48   |  genblk1_15_fa|full_adder__0_152|    5|        6
49   |    h1         |half_adder__0_151|    2|        3
50   |    h2         |half_adder__0_148|    2|        3
51   |  genblk1_16_fa|full_adder__0_160|    5|        6
52   |    h1         |half_adder__0_159|    2|        3
53   |    h2         |half_adder__0_156|    2|        3
54   |  genblk1_17_fa|full_adder__0_168|    5|        6
55   |    h1         |half_adder__0_167|    2|        3
56   |    h2         |half_adder__0_164|    2|        3
57   |  genblk1_18_fa|full_adder__0_176|    5|        6
58   |    h1         |half_adder__0_175|    2|        3
59   |    h2         |half_adder__0_172|    2|        3
60   |  genblk1_19_fa|full_adder__0_184|    5|        6
61   |    h1         |half_adder__0_183|    2|        3
62   |    h2         |half_adder__0_180|    2|        3
63   |  genblk1_20_fa|full_adder__0_192|    5|        6
64   |    h1         |half_adder__0_191|    2|        3
65   |    h2         |half_adder__0_188|    2|        3
66   |  genblk1_21_fa|full_adder__0_200|    5|        6
67   |    h1         |half_adder__0_199|    2|        3
68   |    h2         |half_adder__0_196|    2|        3
69   |  genblk1_22_fa|full_adder__0_208|    5|        6
70   |    h1         |half_adder__0_207|    2|        3
71   |    h2         |half_adder__0_204|    2|        3
72   |  genblk1_23_fa|full_adder__0_216|    5|        6
73   |    h1         |half_adder__0_215|    2|        3
74   |    h2         |half_adder__0_212|    2|        3
75   |  genblk1_24_fa|full_adder__0_224|    5|        6
76   |    h1         |half_adder__0_223|    2|        3
77   |    h2         |half_adder__0_220|    2|        3
78   |  genblk1_25_fa|full_adder__0_232|    5|        6
79   |    h1         |half_adder__0_231|    2|        3
80   |    h2         |half_adder__0_228|    2|        3
81   |  genblk1_26_fa|full_adder__0_240|    5|        6
82   |    h1         |half_adder__0_239|    2|        3
83   |    h2         |half_adder__0_236|    2|        3
84   |  genblk1_27_fa|full_adder__0_248|    5|        6
85   |    h1         |half_adder__0_247|    2|        3
86   |    h2         |half_adder__0_244|    2|        3
87   |  genblk1_28_fa|full_adder__0_256|    5|        6
88   |    h1         |half_adder__0_255|    2|        3
89   |    h2         |half_adder__0_252|    2|        3
90   |  genblk1_29_fa|full_adder__0_264|    5|        6
91   |    h1         |half_adder__0_263|    2|        3
92   |    h2         |half_adder__0_260|    2|        3
93   |  genblk1_30_fa|full_adder       |    5|        6
94   |    h1         |half_adder__0_21 |    2|        3
95   |    h2         |half_adder__0_24 |    2|        3
-----+---------------+-----------------+-----+---------
