warning: No library characterized for (process = 1.00 voltage = 0.85 temperature = 25.00) can be found in the database for power domain '/PD_TOP'  [NL-174]
Report Power (instances with prefix '*' are included in total) : 
-----+--------------+--------------------+---------------------+-------------------+-----------------
     | Instance     | Internal Power(uw) | Switching Power(uw) | Leakage Power(uw) | Total Power(uw) 
-----+--------------+--------------------+---------------------+-------------------+-----------------
1    |*ha           |            0.522246|             0.262484|           0.061230|         0.845960
2    |*genblk1_0_fa |            0.713555|             0.407212|           0.145155|         1.265921
3    |*genblk1_1_fa |            0.720104|             0.414475|           0.145155|         1.279734
4    |*genblk1_2_fa |            0.722322|             0.420794|           0.145155|         1.288270
5    |*genblk1_3_fa |            0.723088|             0.418437|           0.145155|         1.286680
6    |*genblk1_4_fa |            0.723369|             0.417600|           0.145155|         1.286123
7    |*genblk1_5_fa |            0.723475|             0.417735|           0.145155|         1.286364
8    |*genblk1_6_fa |            0.723525|             0.420184|           0.145155|         1.288864
9    |*genblk1_7_fa |            0.723548|             0.422650|           0.145155|         1.291352
10   |*genblk1_8_fa |            0.723546|             0.420326|           0.145155|         1.289026
11   |*genblk1_9_fa |            0.723542|             0.419069|           0.145155|         1.287766
12   |*genblk1_10_fa|            0.723556|             0.422601|           0.145155|         1.291311
13   |*genblk1_11_fa|            0.723544|             0.419255|           0.145155|         1.287953
14   |*genblk1_12_fa|            0.723537|             0.417575|           0.145155|         1.286267
15   |*genblk1_13_fa|            0.723537|             0.417575|           0.145155|         1.286267
16   |*genblk1_14_fa|            0.723549|             0.420455|           0.145155|         1.289158
17   |*genblk1_15_fa|            0.723556|             0.422901|           0.145155|         1.291612
18   |*genblk1_16_fa|            0.723550|             0.420570|           0.145155|         1.289275
19   |*genblk1_17_fa|            0.723545|             0.419311|           0.145155|         1.288010
20   |*genblk1_18_fa|            0.723556|             0.422841|           0.145155|         1.291552
21   |*genblk1_19_fa|            0.723545|             0.419495|           0.145155|         1.288195
22   |*genblk1_20_fa|            0.723536|             0.417336|           0.145155|         1.286026
23   |*genblk1_21_fa|            0.723536|             0.417336|           0.145155|         1.286026
24   |*genblk1_22_fa|            0.723550|             0.420695|           0.145155|         1.289400
25   |*genblk1_23_fa|            0.723556|             0.423141|           0.145155|         1.291851
26   |*genblk1_24_fa|            0.723551|             0.420810|           0.145155|         1.289516
27   |*genblk1_25_fa|            0.723546|             0.419551|           0.145155|         1.288251
28   |*genblk1_26_fa|            0.723556|             0.423081|           0.145155|         1.291791
29   |*genblk1_27_fa|            0.723546|             0.419735|           0.145155|         1.288436
30   |*genblk1_28_fa|            0.723536|             0.417404|           0.145155|         1.286095
31   |*genblk1_29_fa|            0.723536|             0.417404|           0.145155|         1.286095
32   |*genblk1_30_fa|            0.727877|             0.703511|           0.145155|         1.576542
33   |*i_0_0_0      |            0.060500|             0.184978|           0.027858|         0.273336
34   |*i_0_0_1      |            0.000003|             0.000004|           0.032601|         0.032609
35   |*i_0_0_2      |            0.013894|             0.014847|           0.018127|         0.046867
36   |*i_0_0_3      |            0.013895|             0.014997|           0.018127|         0.047018
37   |*i_0_0_4      |            0.013897|             0.015273|           0.018127|         0.047296
38   |*i_0_0_5      |            0.013902|             0.016041|           0.018127|         0.048070
39   |*i_0_0_6      |            0.000003|             0.000004|           0.032601|         0.032609
40   |*i_0_0_7      |            0.013894|             0.014847|           0.018127|         0.046867
41   |*i_0_0_8      |            0.013895|             0.014997|           0.018127|         0.047018
42   |*i_0_0_9      |            0.013897|             0.015273|           0.018127|         0.047296
43   |*i_0_0_10     |            0.013902|             0.016041|           0.018127|         0.048070
44   |*i_0_0_11     |            0.313770|             0.063522|           0.036164|         0.413455
45   |*i_0_0_12     |            0.313770|             0.063522|           0.036164|         0.413455
46   |*i_0_0_13     |            0.313770|             0.063522|           0.036164|         0.413455
47   |*i_0_0_14     |            0.313770|             0.063522|           0.036164|         0.413455
48   |*i_0_0_15     |            0.313770|             0.063522|           0.036164|         0.413455
49   |*i_0_0_16     |            0.313770|             0.063522|           0.036164|         0.413455
50   |*i_0_0_17     |            0.313770|             0.063522|           0.036164|         0.413455
51   |*i_0_0_18     |            0.313770|             0.063522|           0.036164|         0.413455
52   |*i_0_0_19     |            0.313948|             0.061917|           0.036164|         0.412029
53   |*i_0_0_20     |            0.313948|             0.061917|           0.036164|         0.412029
54   |*i_0_0_21     |            0.313948|             0.061917|           0.036164|         0.412029
55   |*i_0_0_22     |            0.313948|             0.061917|           0.036164|         0.412029
56   |*i_0_0_23     |            0.313948|             0.061917|           0.036164|         0.412029
57   |*i_0_0_24     |            0.313948|             0.061917|           0.036164|         0.412029
58   |*i_0_0_25     |            0.313948|             0.061917|           0.036164|         0.412029
59   |*i_0_0_26     |            0.313948|             0.061917|           0.036164|         0.412029
60   |*i_0_0_27     |            0.314076|             0.060760|           0.036164|         0.411000
61   |*i_0_0_28     |            0.314076|             0.060760|           0.036164|         0.411000
62   |*i_0_0_29     |            0.314076|             0.060760|           0.036164|         0.411000
63   |*i_0_0_30     |            0.314076|             0.060760|           0.036164|         0.411000
64   |*i_0_0_31     |            0.314076|             0.060760|           0.036164|         0.411000
65   |*i_0_0_32     |            0.314076|             0.060760|           0.036164|         0.411000
66   |*i_0_0_33     |            0.314076|             0.060760|           0.036164|         0.411000
67   |*i_0_0_34     |            0.314076|             0.060760|           0.036164|         0.411000
68   |*i_0_0_35     |            0.314258|             0.059126|           0.036164|         0.409547
69   |*i_0_0_36     |            0.314258|             0.059126|           0.036164|         0.409547
70   |*i_0_0_37     |            0.314258|             0.059126|           0.036164|         0.409547
71   |*i_0_0_38     |            0.314258|             0.059126|           0.036164|         0.409547
72   |*i_0_0_39     |            0.314258|             0.059126|           0.036164|         0.409547
73   |*i_0_0_40     |            0.314258|             0.059126|           0.036164|         0.409547
74   |*i_0_0_41     |            0.314258|             0.059126|           0.036164|         0.409547
75   |*i_0_0_42     |            0.314258|             0.059126|           0.036164|         0.409547
76   |*i_0_0_43     |            0.023018|             0.060514|           0.014353|         0.097884
77   |              |                    |                     |                   |                 
78   |*TOTAL        |           33.184231|            15.873966|           5.970682|        55.028881
-----+--------------+--------------------+---------------------+-------------------+-----------------
