warning: No library characterized for (process = 1.00 voltage = 0.85 temperature = 25.00) can be found in the database for power domain '/PD_TOP'  [NL-174]
Report Power (instances with prefix '*' are included in total) : 
-----+----------+--------------------+---------------------+-------------------+-----------------
     | Instance | Internal Power(uw) | Switching Power(uw) | Leakage Power(uw) | Total Power(uw) 
-----+----------+--------------------+---------------------+-------------------+-----------------
1    |*nc       |           12.548586|            13.380837|           2.639946|        28.569370
2    |*sel      |            0.240201|             0.105853|           0.226422|         0.572476
3    |*nsbn     |           25.253675|            16.970478|           3.164991|        45.389145
4    |*nnrm     |           45.386723|            45.333382|          10.253458|       100.973557
5    |*mxaddr   |            2.914911|             4.061123|           2.170877|         9.146912
6    |*ba       |           21.498487|            47.529888|          11.733873|        80.762245
7    |*blknrm   |           18.035660|            25.997210|          10.450421|        54.483292
8    |*i_0_0_0  |            0.074601|             0.192341|           0.035928|         0.302870
9    |*i_0_0_1  |            0.077073|             0.196750|           0.035928|         0.309751
10   |*i_0_0_2  |            0.078550|             0.202668|           0.035928|         0.317147
11   |*i_0_0_3  |            0.079190|             0.204494|           0.035928|         0.319613
12   |*i_0_0_4  |            0.079326|             0.202655|           0.035928|         0.317909
13   |*i_0_0_5  |            0.079465|             0.203077|           0.035928|         0.318470
14   |*i_0_0_6  |            0.079522|             0.203225|           0.035928|         0.318676
15   |*i_0_0_7  |            0.079624|             0.205678|           0.035928|         0.321230
16   |*i_0_0_8  |            0.079626|             0.205630|           0.035928|         0.321185
17   |*i_0_0_9  |            0.079563|             0.203383|           0.035928|         0.318875
18   |*i_0_0_10 |            0.079630|             0.205701|           0.035928|         0.321259
19   |*i_0_0_11 |            0.079647|             0.205907|           0.035928|         0.321482
20   |*i_0_0_12 |            0.079486|             0.203290|           0.035928|         0.318704
21   |*i_0_0_13 |            0.079424|             0.203191|           0.035928|         0.318543
22   |*i_0_0_14 |            0.079380|             0.203079|           0.035928|         0.318388
23   |*i_0_0_15 |            0.079429|             0.205390|           0.035928|         0.320748
24   |*i_0_0_16 |            0.079392|             0.205238|           0.035928|         0.320558
25   |*i_0_0_17 |            0.079304|             0.202931|           0.035928|         0.318163
26   |*i_0_0_18 |            0.079359|             0.205214|           0.035928|         0.320501
27   |*i_0_0_19 |            0.079360|             0.205376|           0.035928|         0.320664
28   |*i_0_0_20 |            0.079265|             0.202936|           0.035928|         0.318130
29   |*i_0_0_21 |            0.079251|             0.202964|           0.035928|         0.318144
30   |*i_0_0_22 |            0.079325|             0.203158|           0.035928|         0.318412
31   |*i_0_0_23 |            0.080027|             0.207176|           0.035928|         0.323131
32   |*i_0_0_24 |            0.080731|             0.207258|           0.035928|         0.323918
33   |*i_0_0_25 |            0.080655|             0.204993|           0.035928|         0.321576
34   |*i_0_0_26 |            0.080735|             0.207331|           0.035928|         0.323994
35   |*i_0_0_27 |            0.080741|             0.207506|           0.035928|         0.324175
36   |*i_0_0_28 |            0.080658|             0.205105|           0.035928|         0.321691
37   |*i_0_0_29 |            0.080660|             0.205174|           0.035928|         0.321762
38   |*i_0_0_30 |            0.080659|             0.205170|           0.035928|         0.321757
39   |*i_0_0_31 |            0.079016|             0.204745|           0.035928|         0.319690
40   |          |                    |                     |                   |                 
41   |*TOTAL    |          128.420914|           159.907486|          41.789684|       330.118103
-----+----------+--------------------+---------------------+-------------------+-----------------
