Report Physical info: 
------------------------+-------------------+-----------+------------
                        |                   |Area (squm)|Leakage (uW)
------------------------+-------------------+-----------+------------
Design Name             |carryIncrementAdder|           |            
  Total Instances       |                187|        240|       5.479
    Macros              |                  0|          0|       0.000
    Pads                |                  0|          0|       0.000
    Phys                |                  0|          0|       0.000
    Blackboxes          |                  0|          0|       0.000
    Cells               |                187|        240|       5.479
      Buffers           |                  0|          0|       0.000
      Inverters         |                  0|          0|       0.000
      Clock-Gates       |                  0|          0|       0.000
      Combinational     |                187|        240|       5.479
      Latches           |                  0|          0|       0.000
      FlipFlops         |                  0|          0|       0.000
       Single-Bit FF    |                  0|          0|       0.000
       Multi-Bit FF     |                  0|          0|       0.000
       Clock-Gated      |                  0|           |            
       Bits             |                  0|          0|       0.000
         Load-Enabled   |                  0|           |            
         Clock-Gated    |                  0|           |            
  Tristate Pin Count    |                  0|           |            
Physical Info           |Placed             |           |            
  Chip Size (mm x mm)   |0.082 x 0.082      |       6713|            
  Fixed Cell Area       |                   |          0|            
    Phys Only           |                  0|          0|            
  Placeable Area        |                   |        459|            
  Movable Cell Area     |                   |        240|            
  Utilization (%)       |                 52|           |            
  Chip Utilization (%)  |                 52|           |            
  Total Wire Length (mm)|              4.131|           |            
  Longest Wire (mm)     |              0.044|           |            
  Average Wire (mm)     |              0.043|           |            
------------------------+-------------------+-----------+------------
