Report Instance Areas: 
-----+---------------------+----------------+-----+---------
     |Instance             |Module          |Cells|Cell Area
-----+---------------------+----------------+-----+---------
1    |top                  |                |  217|      281
2    |  genblk1_0_FASum    |fullAdder__0_12 |    2|        3
3    |    h1               |halfAdder__0_11 |    2|        3
4    |  genblk1_0_FACarry  |fullAdder__0_20 |    2|        3
5    |    h1               |halfAdder__0_19 |    2|        3
6    |  genblk1_1_FACarry3 |fullAdder__0_28 |    5|        6
7    |    h1               |halfAdder__0_27 |    2|        3
8    |    h2d              |halfAdder__0_24 |    2|        3
9    |  genblk1_2_FACarry3 |fullAdder__0_36 |    5|        6
10   |    h1               |halfAdder__0_35 |    2|        3
11   |    h2d              |halfAdder__0_32 |    2|        3
12   |  genblk1_3_FACarry3 |fullAdder__0_44 |    5|        6
13   |    h1               |halfAdder__0_43 |    2|        3
14   |    h2d              |halfAdder__0_40 |    2|        3
15   |  genblk1_4_FACarry3 |fullAdder__0_52 |    5|        6
16   |    h1               |halfAdder__0_51 |    2|        3
17   |    h2d              |halfAdder__0_48 |    2|        3
18   |  genblk1_5_FACarry3 |fullAdder__0_60 |    5|        6
19   |    h1               |halfAdder__0_59 |    2|        3
20   |    h2d              |halfAdder__0_56 |    2|        3
21   |  genblk1_6_FACarry3 |fullAdder__0_68 |    5|        6
22   |    h1               |halfAdder__0_67 |    2|        3
23   |    h2d              |halfAdder__0_64 |    2|        3
24   |  genblk1_7_FACarry3 |fullAdder__0_76 |    5|        6
25   |    h1               |halfAdder__0_75 |    2|        3
26   |    h2d              |halfAdder__0_72 |    2|        3
27   |  genblk1_8_FACarry3 |fullAdder__0_84 |    5|        6
28   |    h1               |halfAdder__0_83 |    2|        3
29   |    h2d              |halfAdder__0_80 |    2|        3
30   |  genblk1_9_FACarry3 |fullAdder__0_92 |    5|        6
31   |    h1               |halfAdder__0_91 |    2|        3
32   |    h2d              |halfAdder__0_88 |    2|        3
33   |  genblk1_10_FACarry3|fullAdder__0_100|    5|        6
34   |    h1               |halfAdder__0_99 |    2|        3
35   |    h2d              |halfAdder__0_96 |    2|        3
36   |  genblk1_11_FACarry3|fullAdder__0_108|    5|        6
37   |    h1               |halfAdder__0_107|    2|        3
38   |    h2d              |halfAdder__0_104|    2|        3
39   |  genblk1_12_FACarry3|fullAdder__0_116|    5|        6
40   |    h1               |halfAdder__0_115|    2|        3
41   |    h2d              |halfAdder__0_112|    2|        3
42   |  genblk1_13_FACarry3|fullAdder__0_124|    5|        6
43   |    h1               |halfAdder__0_123|    2|        3
44   |    h2d              |halfAdder__0_120|    2|        3
45   |  genblk1_14_FACarry3|fullAdder__0_132|    5|        6
46   |    h1               |halfAdder__0_131|    2|        3
47   |    h2d              |halfAdder__0_128|    2|        3
48   |  genblk1_15_FACarry3|fullAdder__0_140|    5|        6
49   |    h1               |halfAdder__0_139|    2|        3
50   |    h2d              |halfAdder__0_136|    2|        3
51   |  genblk1_16_FACarry3|fullAdder__0_148|    5|        6
52   |    h1               |halfAdder__0_147|    2|        3
53   |    h2d              |halfAdder__0_144|    2|        3
54   |  genblk1_17_FACarry3|fullAdder__0_156|    5|        6
55   |    h1               |halfAdder__0_155|    2|        3
56   |    h2d              |halfAdder__0_152|    2|        3
57   |  genblk1_18_FACarry3|fullAdder__0_164|    5|        6
58   |    h1               |halfAdder__0_163|    2|        3
59   |    h2d              |halfAdder__0_160|    2|        3
60   |  genblk1_19_FACarry3|fullAdder__0_172|    5|        6
61   |    h1               |halfAdder__0_171|    2|        3
62   |    h2d              |halfAdder__0_168|    2|        3
63   |  genblk1_20_FACarry3|fullAdder__0_180|    5|        6
64   |    h1               |halfAdder__0_179|    2|        3
65   |    h2d              |halfAdder__0_176|    2|        3
66   |  genblk1_21_FACarry3|fullAdder__0_188|    5|        6
67   |    h1               |halfAdder__0_187|    2|        3
68   |    h2d              |halfAdder__0_184|    2|        3
69   |  genblk1_22_FACarry3|fullAdder__0_196|    5|        6
70   |    h1               |halfAdder__0_195|    2|        3
71   |    h2d              |halfAdder__0_192|    2|        3
72   |  genblk1_23_FACarry3|fullAdder__0_204|    5|        6
73   |    h1               |halfAdder__0_203|    2|        3
74   |    h2d              |halfAdder__0_200|    2|        3
75   |  genblk1_24_FACarry3|fullAdder__0_212|    5|        6
76   |    h1               |halfAdder__0_211|    2|        3
77   |    h2d              |halfAdder__0_208|    2|        3
78   |  genblk1_25_FACarry3|fullAdder__0_220|    5|        6
79   |    h1               |halfAdder__0_219|    2|        3
80   |    h2d              |halfAdder__0_216|    2|        3
81   |  genblk1_26_FACarry3|fullAdder__0_228|    5|        6
82   |    h1               |halfAdder__0_227|    2|        3
83   |    h2d              |halfAdder__0_224|    2|        3
84   |  genblk1_27_FACarry3|fullAdder__0_236|    5|        6
85   |    h1               |halfAdder__0_235|    2|        3
86   |    h2d              |halfAdder__0_232|    2|        3
87   |  genblk1_28_FACarry3|fullAdder__0_244|    5|        6
88   |    h1               |halfAdder__0_243|    2|        3
89   |    h2d              |halfAdder__0_240|    2|        3
90   |  genblk1_29_FACarry3|fullAdder__0_252|    5|        6
91   |    h1               |halfAdder__0_251|    2|        3
92   |    h2d              |halfAdder__0_248|    2|        3
93   |  genblk1_30_FACarry3|fullAdder__0_260|    5|        6
94   |    h1               |halfAdder__0_259|    2|        3
95   |    h2d              |halfAdder__0_256|    2|        3
96   |  genblk1_31_FACarry2|fullAdder__0_268|    1|        2
97   |    h2d              |halfAdder__0_264|    1|        2
98   |  genblk1_1_FASum    |fullAdder__0_276|    2|        3
99   |    h1               |halfAdder__0_275|    2|        3
100  |  genblk1_2_FASum    |fullAdder__0_284|    2|        3
101  |    h1               |halfAdder__0_283|    2|        3
102  |  genblk1_3_FASum    |fullAdder__0_292|    2|        3
103  |    h1               |halfAdder__0_291|    2|        3
104  |  genblk1_4_FASum    |fullAdder__0_300|    2|        3
105  |    h1               |halfAdder__0_299|    2|        3
106  |  genblk1_5_FASum    |fullAdder__0_308|    2|        3
107  |    h1               |halfAdder__0_307|    2|        3
108  |  genblk1_6_FASum    |fullAdder__0_316|    2|        3
109  |    h1               |halfAdder__0_315|    2|        3
110  |  genblk1_7_FASum    |fullAdder__0_324|    2|        3
111  |    h1               |halfAdder__0_323|    2|        3
112  |  genblk1_8_FASum    |fullAdder__0_332|    2|        3
113  |    h1               |halfAdder__0_331|    2|        3
114  |  genblk1_9_FASum    |fullAdder__0_340|    2|        3
115  |    h1               |halfAdder__0_339|    2|        3
116  |  genblk1_10_FASum   |fullAdder__0_348|    2|        3
117  |    h1               |halfAdder__0_347|    2|        3
118  |  genblk1_11_FASum   |fullAdder__0_356|    2|        3
119  |    h1               |halfAdder__0_355|    2|        3
120  |  genblk1_12_FASum   |fullAdder__0_364|    2|        3
121  |    h1               |halfAdder__0_363|    2|        3
122  |  genblk1_13_FASum   |fullAdder__0_372|    2|        3
123  |    h1               |halfAdder__0_371|    2|        3
124  |  genblk1_14_FASum   |fullAdder__0_380|    2|        3
125  |    h1               |halfAdder__0_379|    2|        3
126  |  genblk1_15_FASum   |fullAdder__0_388|    2|        3
127  |    h1               |halfAdder__0_387|    2|        3
128  |  genblk1_16_FASum   |fullAdder__0_396|    2|        3
129  |    h1               |halfAdder__0_395|    2|        3
130  |  genblk1_17_FASum   |fullAdder__0_404|    2|        3
131  |    h1               |halfAdder__0_403|    2|        3
132  |  genblk1_18_FASum   |fullAdder__0_412|    2|        3
133  |    h1               |halfAdder__0_411|    2|        3
134  |  genblk1_19_FASum   |fullAdder__0_420|    2|        3
135  |    h1               |halfAdder__0_419|    2|        3
136  |  genblk1_20_FASum   |fullAdder__0_428|    2|        3
137  |    h1               |halfAdder__0_427|    2|        3
138  |  genblk1_21_FASum   |fullAdder__0_436|    2|        3
139  |    h1               |halfAdder__0_435|    2|        3
140  |  genblk1_22_FASum   |fullAdder__0_444|    2|        3
141  |    h1               |halfAdder__0_443|    2|        3
142  |  genblk1_23_FASum   |fullAdder__0_452|    2|        3
143  |    h1               |halfAdder__0_451|    2|        3
144  |  genblk1_24_FASum   |fullAdder__0_460|    2|        3
145  |    h1               |halfAdder__0_459|    2|        3
146  |  genblk1_25_FASum   |fullAdder__0_468|    2|        3
147  |    h1               |halfAdder__0_467|    2|        3
148  |  genblk1_26_FASum   |fullAdder__0_476|    2|        3
149  |    h1               |halfAdder__0_475|    2|        3
150  |  genblk1_27_FASum   |fullAdder__0_484|    2|        3
151  |    h1               |halfAdder__0_483|    2|        3
152  |  genblk1_28_FASum   |fullAdder__0_492|    2|        3
153  |    h1               |halfAdder__0_491|    2|        3
154  |  genblk1_29_FASum   |fullAdder__0_500|    2|        3
155  |    h1               |halfAdder__0_499|    2|        3
156  |  genblk1_30_FASum   |fullAdder__0_508|    2|        3
157  |    h1               |halfAdder__0_507|    2|        3
158  |  genblk1_31_FASum   |fullAdder       |    2|        3
159  |    h1               |halfAdder__0_4  |    2|        3
-----+---------------------+----------------+-----+---------
