warning: No library characterized for (process = 1.00 voltage = 0.85 temperature = 25.00) can be found in the database for power domain '/PD_TOP'  [NL-174]
Report Power (instances with prefix '*' are included in total) : 
-----+--------------------+--------------------+---------------------+-------------------+-----------------
     | Instance           | Internal Power(uw) | Switching Power(uw) | Leakage Power(uw) | Total Power(uw) 
-----+--------------------+--------------------+---------------------+-------------------+-----------------
1    |*genblk1_0_FASum    |            0.522517|             0.260972|           0.061230|         0.844719
2    |*genblk1_0_FACarry  |            0.114725|             0.231558|           0.061230|         0.407512
3    |*genblk1_1_FACarry3 |            0.258074|             0.356938|           0.145155|         0.760167
4    |*genblk1_2_FACarry3 |            0.264344|             0.368289|           0.145155|         0.777787
5    |*genblk1_3_FACarry3 |            0.267114|             0.369835|           0.145155|         0.782104
6    |*genblk1_4_FACarry3 |            0.268327|             0.371501|           0.145155|         0.784982
7    |*genblk1_5_FACarry3 |            0.268855|             0.372192|           0.145155|         0.786202
8    |*genblk1_6_FACarry3 |            0.269095|             0.374824|           0.145155|         0.789073
9    |*genblk1_7_FACarry3 |            0.269197|             0.375049|           0.145155|         0.789400
10   |*genblk1_8_FACarry3 |            0.269241|             0.375175|           0.145155|         0.789571
11   |*genblk1_9_FACarry3 |            0.269251|             0.372741|           0.145155|         0.787147
12   |*genblk1_10_FACarry3|            0.269268|             0.375083|           0.145155|         0.789506
13   |*genblk1_11_FACarry3|            0.269264|             0.372894|           0.145155|         0.787312
14   |*genblk1_12_FACarry3|            0.269265|             0.372965|           0.145155|         0.787385
15   |*genblk1_13_FACarry3|            0.269266|             0.372965|           0.145155|         0.787386
16   |*genblk1_14_FACarry3|            0.269276|             0.375297|           0.145155|         0.789727
17   |*genblk1_15_FACarry3|            0.269276|             0.375391|           0.145155|         0.789822
18   |*genblk1_16_FACarry3|            0.269276|             0.375460|           0.145155|         0.789891
19   |*genblk1_17_FACarry3|            0.269267|             0.373001|           0.145155|         0.787422
20   |*genblk1_18_FACarry3|            0.269276|             0.375331|           0.145155|         0.789762
21   |*genblk1_19_FACarry3|            0.269267|             0.373138|           0.145155|         0.787559
22   |*genblk1_20_FACarry3|            0.269268|             0.373206|           0.145155|         0.787628
23   |*genblk1_21_FACarry3|            0.269268|             0.373206|           0.145155|         0.787628
24   |*genblk1_22_FACarry3|            0.269277|             0.375537|           0.145155|         0.789968
25   |*genblk1_23_FACarry3|            0.269277|             0.375631|           0.145155|         0.790063
26   |*genblk1_24_FACarry3|            0.269277|             0.375700|           0.145155|         0.790132
27   |*genblk1_25_FACarry3|            0.269268|             0.373240|           0.145155|         0.787663
28   |*genblk1_26_FACarry3|            0.269277|             0.375571|           0.145155|         0.790003
29   |*genblk1_27_FACarry3|            0.269268|             0.373377|           0.145155|         0.787800
30   |*genblk1_28_FACarry3|            0.269269|             0.373446|           0.145155|         0.787869
31   |*genblk1_29_FACarry3|            0.269269|             0.373446|           0.145155|         0.787869
32   |*genblk1_30_FACarry3|            0.268048|             0.349441|           0.145155|         0.762644
33   |*genblk1_31_FACarry2|            0.085739|             0.176422|           0.036164|         0.298324
34   |*genblk1_1_FASum    |            0.540426|             0.159452|           0.061230|         0.761108
35   |*genblk1_2_FASum    |            0.540426|             0.159452|           0.061230|         0.761108
36   |*genblk1_3_FASum    |            0.540426|             0.159452|           0.061230|         0.761108
37   |*genblk1_4_FASum    |            0.540426|             0.159452|           0.061230|         0.761108
38   |*genblk1_5_FASum    |            0.540426|             0.159452|           0.061230|         0.761108
39   |*genblk1_6_FASum    |            0.540426|             0.159452|           0.061230|         0.761108
40   |*genblk1_7_FASum    |            0.540426|             0.159452|           0.061230|         0.761108
41   |*genblk1_8_FASum    |            0.540426|             0.159452|           0.061230|         0.761108
42   |*genblk1_9_FASum    |            0.540426|             0.159452|           0.061230|         0.761108
43   |*genblk1_10_FASum   |            0.540426|             0.159452|           0.061230|         0.761108
44   |*genblk1_11_FASum   |            0.540426|             0.159452|           0.061230|         0.761108
45   |*genblk1_12_FASum   |            0.540426|             0.159452|           0.061230|         0.761108
46   |*genblk1_13_FASum   |            0.540426|             0.159452|           0.061230|         0.761108
47   |*genblk1_14_FASum   |            0.540426|             0.159452|           0.061230|         0.761108
48   |*genblk1_15_FASum   |            0.540426|             0.159452|           0.061230|         0.761108
49   |*genblk1_16_FASum   |            0.540426|             0.159452|           0.061230|         0.761108
50   |*genblk1_17_FASum   |            0.540426|             0.159452|           0.061230|         0.761108
51   |*genblk1_18_FASum   |            0.540426|             0.159452|           0.061230|         0.761108
52   |*genblk1_19_FASum   |            0.540426|             0.159452|           0.061230|         0.761108
53   |*genblk1_20_FASum   |            0.540426|             0.159452|           0.061230|         0.761108
54   |*genblk1_21_FASum   |            0.540426|             0.159452|           0.061230|         0.761108
55   |*genblk1_22_FASum   |            0.540426|             0.159452|           0.061230|         0.761108
56   |*genblk1_23_FASum   |            0.540426|             0.159452|           0.061230|         0.761108
57   |*genblk1_24_FASum   |            0.540426|             0.159452|           0.061230|         0.761108
58   |*genblk1_25_FASum   |            0.540426|             0.159452|           0.061230|         0.761108
59   |*genblk1_26_FASum   |            0.540426|             0.159452|           0.061230|         0.761108
60   |*genblk1_27_FASum   |            0.540426|             0.159452|           0.061230|         0.761108
61   |*genblk1_28_FASum   |            0.540426|             0.159452|           0.061230|         0.761108
62   |*genblk1_29_FASum   |            0.540426|             0.159452|           0.061230|         0.761108
63   |*genblk1_30_FASum   |            0.540426|             0.159452|           0.061230|         0.761108
64   |*genblk1_31_FASum   |            0.539400|             0.128898|           0.061230|         0.729528
65   |                    |                    |                     |                   |                 
66   |*TOTAL              |           25.532125|            16.751278|           6.411388|        48.694794
-----+--------------------+--------------------+---------------------+-------------------+-----------------
