Report Physical info: 
------------------------+---------------------+-----------+------------
                        |                     |Area (squm)|Leakage (uW)
------------------------+---------------------+-----------+------------
Design Name             |carry_lookahead_adder|           |            
  Total Instances       |                  157|        184|       4.083
    Macros              |                    0|          0|       0.000
    Pads                |                    0|          0|       0.000
    Phys                |                    0|          0|       0.000
    Blackboxes          |                    0|          0|       0.000
    Cells               |                  157|        184|       4.083
      Buffers           |                    0|          0|       0.000
      Inverters         |                    0|          0|       0.000
      Clock-Gates       |                    0|          0|       0.000
      Combinational     |                  157|        184|       4.083
      Latches           |                    0|          0|       0.000
      FlipFlops         |                    0|          0|       0.000
       Single-Bit FF    |                    0|          0|       0.000
       Multi-Bit FF     |                    0|          0|       0.000
       Clock-Gated      |                    0|           |            
       Bits             |                    0|          0|       0.000
         Load-Enabled   |                    0|           |            
         Clock-Gated    |                    0|           |            
  Tristate Pin Count    |                    0|           |            
Physical Info           |Placed               |           |            
  Chip Size (mm x mm)   |0.079 x 0.079        |       6270|            
  Fixed Cell Area       |                     |          0|            
    Phys Only           |                    0|          0|            
  Placeable Area        |                     |        346|            
  Movable Cell Area     |                     |        184|            
  Utilization (%)       |                   53|           |            
  Chip Utilization (%)  |                   53|           |            
  Total Wire Length (mm)|                4.006|           |            
  Longest Wire (mm)     |                0.044|           |            
  Average Wire (mm)     |                0.041|           |            
------------------------+---------------------+-----------+------------
