warning: No library characterized for (process = 1.00 voltage = 0.85 temperature = 25.00) can be found in the database for power domain '/PD_TOP'  [NL-174]
Report Power (instances with prefix '*' are included in total) : 
-----+--------------------------+--------------------+---------------------+-------------------+-----------------
     | Instance                 | Internal Power(uw) | Switching Power(uw) | Leakage Power(uw) | Total Power(uw) 
-----+--------------------------+--------------------+---------------------+-------------------+-----------------
1    |*genblk1_0_fullAdder_inst |            0.293520|             0.187719|           0.036164|         0.517403
2    |*genblk1_1_fullAdder_inst |            0.399941|             0.240127|           0.072327|         0.712395
3    |*genblk1_2_fullAdder_inst |            0.394191|             0.241395|           0.072327|         0.707913
4    |*genblk1_3_fullAdder_inst |            0.391421|             0.241395|           0.072327|         0.705143
5    |*genblk1_4_fullAdder_inst |            0.389877|             0.240191|           0.072327|         0.702395
6    |*genblk1_5_fullAdder_inst |            0.388998|             0.240131|           0.072327|         0.701457
7    |*genblk1_6_fullAdder_inst |            0.388497|             0.240260|           0.072327|         0.701085
8    |*genblk1_7_fullAdder_inst |            0.388217|             0.241399|           0.072327|         0.701944
9    |*genblk1_8_fullAdder_inst |            0.388057|             0.241566|           0.072327|         0.701951
10   |*genblk1_9_fullAdder_inst |            0.387961|             0.240367|           0.072327|         0.700655
11   |*genblk1_10_fullAdder_inst|            0.387915|             0.241635|           0.072327|         0.701877
12   |*genblk1_11_fullAdder_inst|            0.387886|             0.241635|           0.072327|         0.701848
13   |*genblk1_12_fullAdder_inst|            0.387865|             0.240431|           0.072327|         0.700623
14   |*genblk1_13_fullAdder_inst|            0.387855|             0.240371|           0.072327|         0.700554
15   |*genblk1_14_fullAdder_inst|            0.387851|             0.240500|           0.072327|         0.700678
16   |*genblk1_15_fullAdder_inst|            0.387853|             0.241639|           0.072327|         0.701819
17   |*genblk1_16_fullAdder_inst|            0.387852|             0.241806|           0.072327|         0.701985
18   |*genblk1_17_fullAdder_inst|            0.387846|             0.240607|           0.072327|         0.700780
19   |*genblk1_18_fullAdder_inst|            0.387851|             0.241875|           0.072327|         0.702053
20   |*genblk1_19_fullAdder_inst|            0.387850|             0.241875|           0.072327|         0.702052
21   |*genblk1_20_fullAdder_inst|            0.387845|             0.240671|           0.072327|         0.700843
22   |*genblk1_21_fullAdder_inst|            0.387845|             0.240611|           0.072327|         0.700783
23   |*genblk1_22_fullAdder_inst|            0.387845|             0.240740|           0.072327|         0.700912
24   |*genblk1_23_fullAdder_inst|            0.387850|             0.241879|           0.072327|         0.702057
25   |*genblk1_24_fullAdder_inst|            0.387851|             0.242046|           0.072327|         0.702224
26   |*genblk1_25_fullAdder_inst|            0.387846|             0.240847|           0.072327|         0.701020
27   |*genblk1_26_fullAdder_inst|            0.387851|             0.242115|           0.072327|         0.702293
28   |*genblk1_27_fullAdder_inst|            0.387851|             0.242115|           0.072327|         0.702293
29   |*genblk1_28_fullAdder_inst|            0.387846|             0.240911|           0.072327|         0.701084
30   |*genblk1_29_fullAdder_inst|            0.387846|             0.240851|           0.072327|         0.701024
31   |*genblk1_30_fullAdder_inst|            0.387846|             0.240979|           0.072327|         0.701153
32   |*genblk1_31_fullAdder_inst|            0.387851|             0.242119|           0.072327|         0.702297
33   |*i_0_0_0                  |            0.034377|             0.184828|           0.017393|         0.236599
34   |*i_0_0_1                  |            0.254770|             0.062624|           0.022619|         0.340013
35   |*i_0_0_2                  |            0.034048|             0.117886|           0.017393|         0.169327
36   |*i_0_0_3                  |            0.254770|             0.062624|           0.022619|         0.340013
37   |*i_0_0_4                  |            0.034048|             0.117886|           0.017393|         0.169327
38   |*i_0_0_5                  |            0.254770|             0.062624|           0.022619|         0.340013
39   |*i_0_0_6                  |            0.034048|             0.117886|           0.017393|         0.169327
40   |*i_0_0_7                  |            0.254770|             0.062624|           0.022619|         0.340013
41   |*i_0_0_8                  |            0.034048|             0.117886|           0.017393|         0.169327
42   |*i_0_0_9                  |            0.254770|             0.062624|           0.022619|         0.340013
43   |*i_0_0_10                 |            0.034048|             0.117886|           0.017393|         0.169327
44   |*i_0_0_11                 |            0.254770|             0.062624|           0.022619|         0.340013
45   |*i_0_0_12                 |            0.034048|             0.117886|           0.017393|         0.169327
46   |*i_0_0_13                 |            0.254770|             0.062624|           0.022619|         0.340013
47   |*i_0_0_14                 |            0.034048|             0.117886|           0.017393|         0.169327
48   |*i_0_0_15                 |            0.254770|             0.062624|           0.022619|         0.340013
49   |*i_0_0_16                 |            0.034048|             0.117886|           0.017393|         0.169327
50   |*i_0_0_17                 |            0.254770|             0.062624|           0.022619|         0.340013
51   |*i_0_0_18                 |            0.034048|             0.117886|           0.017393|         0.169327
52   |*i_0_0_19                 |            0.254770|             0.062624|           0.022619|         0.340013
53   |*i_0_0_20                 |            0.034048|             0.117886|           0.017393|         0.169327
54   |*i_0_0_21                 |            0.254769|             0.062624|           0.022619|         0.340012
55   |*i_0_0_22                 |            0.034048|             0.117886|           0.017393|         0.169327
56   |*i_0_0_23                 |            0.254769|             0.062624|           0.022619|         0.340012
57   |*i_0_0_24                 |            0.034048|             0.117886|           0.017393|         0.169327
58   |*i_0_0_25                 |            0.254768|             0.062624|           0.022619|         0.340011
59   |*i_0_0_26                 |            0.034048|             0.117886|           0.017393|         0.169328
60   |*i_0_0_27                 |            0.254767|             0.062623|           0.022619|         0.340010
61   |*i_0_0_28                 |            0.034048|             0.117887|           0.017393|         0.169328
62   |*i_0_0_29                 |            0.254765|             0.062623|           0.022619|         0.340007
63   |*i_0_0_30                 |            0.034048|             0.117888|           0.017393|         0.169330
64   |*i_0_0_31                 |            0.254762|             0.062622|           0.022619|         0.340003
65   |*i_0_0_32                 |            0.034049|             0.117890|           0.017393|         0.169332
66   |*i_0_0_33                 |            0.254755|             0.062621|           0.022619|         0.339996
67   |*i_0_0_34                 |            0.034050|             0.117893|           0.017393|         0.169336
68   |*i_0_0_35                 |            0.254744|             0.062619|           0.022619|         0.339982
69   |*i_0_0_36                 |            0.034051|             0.117898|           0.017393|         0.169343
70   |*i_0_0_37                 |            0.254724|             0.062615|           0.022619|         0.339958
71   |*i_0_0_38                 |            0.034054|             0.117908|           0.017393|         0.169355
72   |*i_0_0_39                 |            0.254688|             0.062608|           0.022619|         0.339915
73   |*i_0_0_40                 |            0.034058|             0.117925|           0.017393|         0.169376
74   |*i_0_0_41                 |            0.254624|             0.062596|           0.022619|         0.339839
75   |*i_0_0_42                 |            0.034066|             0.117955|           0.017393|         0.169415
76   |*i_0_0_43                 |            0.254510|             0.062574|           0.022619|         0.339703
77   |*i_0_0_44                 |            0.034081|             0.118009|           0.017393|         0.169483
78   |*i_0_0_45                 |            0.254306|             0.062534|           0.022619|         0.339459
79   |*i_0_0_46                 |            0.034105|             0.118102|           0.017393|         0.169601
80   |*i_0_0_47                 |            0.253940|             0.062462|           0.022619|         0.339021
81   |*i_0_0_48                 |            0.034148|             0.118264|           0.017393|         0.169805
82   |*i_0_0_49                 |            0.253278|             0.062330|           0.022619|         0.338227
83   |*i_0_0_50                 |            0.034219|             0.118536|           0.017393|         0.170148
84   |*i_0_0_51                 |            0.252068|             0.062081|           0.022619|         0.336768
85   |*i_0_0_52                 |            0.034330|             0.118973|           0.017393|         0.170696
86   |*i_0_0_53                 |            0.249807|             0.061593|           0.022619|         0.334020
87   |*i_0_0_54                 |            0.034480|             0.119600|           0.017393|         0.171473
88   |*i_0_0_55                 |            0.245438|             0.060586|           0.022619|         0.328643
89   |*i_0_0_56                 |            0.034593|             0.120244|           0.017393|         0.172231
90   |*i_0_0_57                 |            0.236525|             0.058350|           0.022619|         0.317494
91   |*i_0_0_58                 |            0.034308|             0.119900|           0.017393|         0.171602
92   |*i_0_0_59                 |            0.216777|             0.052968|           0.022619|         0.292365
93   |*i_0_0_60                 |            0.032220|             0.114583|           0.017393|         0.164196
94   |*i_0_0_61                 |            0.166906|             0.038956|           0.022619|         0.228482
95   |*i_0_0_62                 |            0.230871|             0.090256|           0.025066|         0.346193
96   |*i_0_0_63                 |            0.325311|             0.045828|           0.017393|         0.388533
97   |*i_0_0_64                 |            0.325311|             0.045828|           0.017393|         0.388533
98   |*i_0_0_65                 |            0.325311|             0.045828|           0.017393|         0.388533
99   |*i_0_0_66                 |            0.325311|             0.045828|           0.017393|         0.388533
100  |*i_0_0_67                 |            0.325311|             0.045828|           0.017393|         0.388533
101  |*i_0_0_68                 |            0.325311|             0.045828|           0.017393|         0.388533
102  |*i_0_0_69                 |            0.325311|             0.045828|           0.017393|         0.388533
103  |*i_0_0_70                 |            0.325311|             0.045828|           0.017393|         0.388533
104  |*i_0_0_71                 |            0.325311|             0.045828|           0.017393|         0.388533
105  |*i_0_0_72                 |            0.325311|             0.045828|           0.017393|         0.388533
106  |*i_0_0_73                 |            0.325311|             0.045828|           0.017393|         0.388533
107  |*i_0_0_74                 |            0.325311|             0.045828|           0.017393|         0.388533
108  |*i_0_0_75                 |            0.325311|             0.045828|           0.017393|         0.388533
109  |*i_0_0_76                 |            0.325311|             0.045828|           0.017393|         0.388533
110  |*i_0_0_77                 |            0.325311|             0.045828|           0.017393|         0.388533
111  |*i_0_0_78                 |            0.325311|             0.045828|           0.017393|         0.388533
112  |*i_0_0_79                 |            0.325311|             0.045828|           0.017393|         0.388533
113  |*i_0_0_80                 |            0.325311|             0.045828|           0.017393|         0.388533
114  |*i_0_0_81                 |            0.325311|             0.045828|           0.017393|         0.388533
115  |*i_0_0_82                 |            0.325311|             0.045828|           0.017393|         0.388533
116  |*i_0_0_83                 |            0.325311|             0.045828|           0.017393|         0.388533
117  |*i_0_0_84                 |            0.325311|             0.045828|           0.017393|         0.388533
118  |*i_0_0_85                 |            0.325311|             0.045828|           0.017393|         0.388533
119  |*i_0_0_86                 |            0.325311|             0.045828|           0.017393|         0.388533
120  |*i_0_0_87                 |            0.325311|             0.045828|           0.017393|         0.388533
121  |*i_0_0_88                 |            0.325311|             0.045828|           0.017393|         0.388533
122  |*i_0_0_89                 |            0.325311|             0.045828|           0.017393|         0.388533
123  |*i_0_0_90                 |            0.325311|             0.045828|           0.017393|         0.388533
124  |*i_0_0_91                 |            0.325311|             0.045828|           0.017393|         0.388533
125  |*i_0_0_92                 |            0.325311|             0.045828|           0.017393|         0.388533
126  |*i_0_0_93                 |            0.325311|             0.045828|           0.017393|         0.388533
127  |                          |                    |                     |                   |                 
128  |*TOTAL                    |           31.448257|            14.800002|           4.082967|        50.331226
-----+--------------------------+--------------------+---------------------+-------------------+-----------------
